<?xml version='1.0'?>
<ns2:test-suite xmlns:ns2='urn:model.allure.qatools.yandex.ru' start='1658824490370' stop='1658824493926'>
    <name>Verify what message a user can get from the page</name>
    <title>Verify what message a user can get from the page</title>
    <test-cases>
        <test-case start='1658824490371' status='failed' stop='1658824493925'>
            <name>Verify what message a user can get from the page, test comparing</name>
            <title>Verify what message a user can get from the page, test comparing</title>
            <labels>
                <label name='language' value='javascript'/>
                <label name='framework' value='wdio'/>
                <label name='thread' value='0-0'/>
                <label name='language' value='javascript'/>
                <label name='framework' value='wdio'/>
                <label name='thread' value='0-0'/>
            </labels>
            <parameters>
                <parameter kind='argument' name='browser' value='chrome-103.0.5060.134'/>
                <parameter kind='argument' name='browser' value='chrome-103.0.5060.134'/>
            </parameters>
            <steps/>
            <attachments>
                <attachment title='Screenshot' source='8011b67b-41f8-4960-b030-3439778ef5fd-attachment.png' type='image/png' size='37904'/>
                <attachment title='Myscreenshot' source='2c476f38-47e2-46e7-af14-2fc48d5815a0-attachment.png' type='image/png' size='37904'/>
            </attachments>
            <failure>
                <message>expected 'Action successful\n×' to equal 'Action unsuccesful, please try again'      
                      actual expected
                      
                      'Action successful\n×unsuccesful, please try again'
                      </message>
                <stack-trace>AssertionError: expected 'Action successful\n×' to equal 'Action unsuccesful, please try again'
                    at NotificationMessageRendered.textMessage (D:\it\Study Epam WebdriverIO\20.07.22 WebdriverIO\WebdriverIO\test\pageObjects\notificationMessageRenderedPage+.ts:22:34)
                    at processTicksAndRejections (node:internal/process/task_queues:95:5)
                    at async Context.&lt;anonymous> (D:\it\Study Epam WebdriverIO\20.07.22 WebdriverIO\WebdriverIO\test\specs\notificationMessageRendered+.ts:14:9)</stack-trace>
            </failure>
        </test-case>
    </test-cases>
</ns2:test-suite>