<?xml version='1.0'?>
<ns2:test-suite xmlns:ns2='urn:model.allure.qatools.yandex.ru' start='1658760163787' stop='1658760166945'>
    <name>Verify what message a user can get from the page</name>
    <title>Verify what message a user can get from the page</title>
    <test-cases>
        <test-case start='1658760163787' status='failed' stop='1658760166944'>
            <name>Verify what message a user can get from the page, test comparing</name>
            <title>Verify what message a user can get from the page, test comparing</title>
            <labels>
                <label name='language' value='javascript'/>
                <label name='framework' value='wdio'/>
                <label name='thread' value='0-0'/>
                <label name='language' value='javascript'/>
                <label name='framework' value='wdio'/>
                <label name='thread' value='0-0'/>
            </labels>
            <parameters>
                <parameter kind='argument' name='browser' value='chrome-103.0.5060.134'/>
                <parameter kind='argument' name='browser' value='chrome-103.0.5060.134'/>
            </parameters>
            <steps/>
            <attachments>
                <attachment title='Screenshot' source='aa7f9d53-7f68-4e03-9374-3434a592f7a7-attachment.png' type='image/png' size='38700'/>
                <attachment title='Myscreenshot' source='c57e3118-afbf-4465-869b-f46509b8872f-attachment.png' type='image/png' size='38700'/>
            </attachments>
            <failure>
                <message>expected 'Action unsuccesful, please try again\…' to equal 'Action successful\n×'      
                      actual expected
                      
                      'Action unsuccesful, please try againsuccessful\n×'
                      </message>
                <stack-trace>AssertionError: expected 'Action unsuccesful, please try again\…' to equal 'Action successful\n×'
                    at NotificationMessageRendered.textMessage (D:\it\Study Epam WebdriverIO\20.07.22 WebdriverIO\WebdriverIO\test\pageObjects\notificationMessageRenderedPage+.ts:22:34)
                    at processTicksAndRejections (node:internal/process/task_queues:95:5)
                    at async Context.&lt;anonymous> (D:\it\Study Epam WebdriverIO\20.07.22 WebdriverIO\WebdriverIO\test\specs\notificationMessageRendered+.ts:14:9)</stack-trace>
            </failure>
        </test-case>
    </test-cases>
</ns2:test-suite>